-------------------------------------------------------------------------------
Test set: com.example.tests.CardProgramCloneSimpleDuplicationIntegrationTests
-------------------------------------------------------------------------------
Tests run: 2, Failures: 0, Errors: 2, Skipped: 0, Time elapsed: 45.485 sec <<< FAILURE! - in com.example.tests.CardProgramCloneSimpleDuplicationIntegrationTests
testCardProgramCloneSimpleDuplicationIntegrationTests(com.example.tests.CardProgramCloneSimpleDuplicationIntegrationTests)  Time elapsed: 45.483 sec  <<< ERROR!
org.openqa.selenium.WebDriverException: Unable to bind to locking port 7054 within 45000 ms
Build info: version: '2.40.0', revision: '4c5c0568b004f67810ee41c459549aa4b09c651e', time: '2014-02-19 11:13:01'
System info: host: 'vaio-VAIO', ip: '192.168.56.1', os.name: 'Windows 7', os.arch: 'amd64', os.version: '6.1', java.version: '1.7.0_25'
Driver info: driver.version: FirefoxDriver
	at org.openqa.selenium.internal.SocketLock.lock(SocketLock.java:98)
	at org.openqa.selenium.firefox.internal.NewProfileExtensionConnection.start(NewProfileExtensionConnection.java:84)
	at org.openqa.selenium.firefox.FirefoxDriver.startClient(FirefoxDriver.java:247)
	at org.openqa.selenium.remote.RemoteWebDriver.<init>(RemoteWebDriver.java:112)
	at org.openqa.selenium.firefox.FirefoxDriver.<init>(FirefoxDriver.java:192)
	at org.openqa.selenium.firefox.FirefoxDriver.<init>(FirefoxDriver.java:187)
	at org.openqa.selenium.firefox.FirefoxDriver.<init>(FirefoxDriver.java:183)
	at org.openqa.selenium.firefox.FirefoxDriver.<init>(FirefoxDriver.java:96)
	at com.example.tests.CardProgramCloneSimpleDuplicationIntegrationTests.setUp(CardProgramCloneSimpleDuplicationIntegrationTests.java:20)

testCardProgramCloneSimpleDuplicationIntegrationTests(com.example.tests.CardProgramCloneSimpleDuplicationIntegrationTests)  Time elapsed: 45.484 sec  <<< ERROR!
java.lang.NullPointerException: null
	at com.example.tests.CardProgramCloneSimpleDuplicationIntegrationTests.tearDown(CardProgramCloneSimpleDuplicationIntegrationTests.java:74)

