-------------------------------------------------------------------------------
Test set: com.example.tests.CardProgramNewSansDetailsIntegrationTests
-------------------------------------------------------------------------------
Tests run: 1, Failures: 0, Errors: 1, Skipped: 0, Time elapsed: 75.167 sec <<< FAILURE! - in com.example.tests.CardProgramNewSansDetailsIntegrationTests
testCardProgramNewSansDetailsIntegrationTests(com.example.tests.CardProgramNewSansDetailsIntegrationTests)  Time elapsed: 75.167 sec  <<< ERROR!
org.openqa.selenium.NoSuchElementException: Cannot locate element with text: Controles Produit Fusion
For documentation on this error, please visit: http://seleniumhq.org/exceptions/no_such_element.html
Build info: version: '2.40.0', revision: '4c5c0568b004f67810ee41c459549aa4b09c651e', time: '2014-02-19 11:13:01'
System info: host: 'vaio-VAIO', ip: '192.168.56.1', os.name: 'Windows 7', os.arch: 'amd64', os.version: '6.1', java.version: '1.7.0_25'
Driver info: driver.version: unknown
	at org.openqa.selenium.support.ui.Select.selectByVisibleText(Select.java:147)
	at com.example.tests.CardProgramNewSansDetailsIntegrationTests.testCardProgramNewSansDetailsIntegrationTests(CardProgramNewSansDetailsIntegrationTests.java:50)

